<?xml version="1.0" encoding="UTF-8"?>
<!-- Generated by org.testng.reporters.JUnitXMLReporter -->
<testsuite hostname="DESKTOP-RRNGNT9" ignored="2" tests="1" failures="0" timestamp="30 Sep 2018 20:32:45 GMT" time="41.213" errors="0">
  <testcase name="titleOfSearchPageByZipCode" time="21.632" classname="Cars"/>
  <testcase name="verfiyTitleOfCars" time="0.0" classname="Cars">
    <ignored/>
  </testcase> <!-- verfiyTitleOfCars -->
  <testcase name="SearchCarsForAZipCode" time="0.0" classname="Cars">
    <ignored/>
  </testcase> <!-- SearchCarsForAZipCode -->
</testsuite>
