<?xml version="1.0" encoding="UTF-8"?>
<testng-results skipped="0" failed="0" ignored="2" total="3" passed="1">
  <reporter-output>
  </reporter-output>
  <suite name="Default suite" duration-ms="41213" started-at="2018-09-30T20:32:04Z" finished-at="2018-09-30T20:32:45Z">
    <groups>
    </groups>
    <test name="Default test" duration-ms="41213" started-at="2018-09-30T20:32:04Z" finished-at="2018-09-30T20:32:45Z">
      <class name="Cars">
        <test-method status="PASS" signature="setup()[pri:0, instance:Cars@76f2b07d]" name="setup" is-config="true" duration-ms="18203" started-at="2018-09-30T20:32:04Z" finished-at="2018-09-30T20:32:22Z">
          <reporter-output>
          </reporter-output>
        </test-method> <!-- setup -->
        <test-method status="PASS" signature="titleOfSearchPageByZipCode()[pri:3, instance:Cars@76f2b07d]" name="titleOfSearchPageByZipCode" duration-ms="21632" started-at="2018-09-30T20:32:22Z" finished-at="2018-09-30T20:32:44Z">
          <reporter-output>
          </reporter-output>
        </test-method> <!-- titleOfSearchPageByZipCode -->
        <test-method status="PASS" signature="tearDown()[pri:0, instance:Cars@76f2b07d]" name="tearDown" is-config="true" duration-ms="1316" started-at="2018-09-30T20:32:44Z" finished-at="2018-09-30T20:32:45Z">
          <reporter-output>
          </reporter-output>
        </test-method> <!-- tearDown -->
      </class> <!-- Cars -->
    </test> <!-- Default test -->
  </suite> <!-- Default suite -->
</testng-results>
